<?xml version="1.0" encoding="UTF-8"?>
<!-- Generated by org.testng.reporters.JUnitReportReporter -->
<testsuite hostname="INDCHN-LR0DP151" failures="0" tests="1" name="test.CreateJobsheet" time="1.430" errors="0" timestamp="16 Jul 2021 10:50:52 GMT" skipped="0">
  <testcase classname="test.CreateJobsheet" name="createJobsheet" time="1.430"/>
</testsuite> <!-- test.CreateJobsheet -->
